<?xml version="1.0" encoding="UTF-8"?>
<coverage generated="1692242196804" clover="3.2.0">
  <project timestamp="1692242196804" name="All files">
    <metrics statements="26" coveredstatements="18" conditionals="15" coveredconditionals="8" methods="9" coveredmethods="7" elements="50" coveredelements="33" complexity="0" loc="26" ncloc="26" packages="2" files="2" classes="2"/>
    <package name="shared.lib.classNames">
      <metrics statements="3" coveredstatements="3" conditionals="2" coveredconditionals="2" methods="3" coveredmethods="3"/>
      <file name="classNames.ts" path="C:\Users\Public.KOMPUTER\Project\test4\template-editor\src\shared\lib\classNames\classNames.ts">
        <metrics statements="3" coveredstatements="3" conditionals="2" coveredconditionals="2" methods="3" coveredmethods="3"/>
        <line num="8" count="5" type="stmt"/>
        <line num="12" count="6" type="stmt"/>
        <line num="13" count="4" type="stmt"/>
      </file>
    </package>
    <package name="widgets.TemplateEditor.model.services.generateMessage">
      <metrics statements="23" coveredstatements="15" conditionals="13" coveredconditionals="6" methods="6" coveredmethods="4"/>
      <file name="generateMessage.ts" path="C:\Users\Public.KOMPUTER\Project\test4\template-editor\src\widgets\TemplateEditor\model\services\generateMessage\generateMessage.ts">
        <metrics statements="23" coveredstatements="15" conditionals="13" coveredconditionals="6" methods="6" coveredmethods="4"/>
        <line num="3" count="1" type="stmt"/>
        <line num="7" count="1" type="stmt"/>
        <line num="9" count="1" type="stmt"/>
        <line num="14" count="1" type="stmt"/>
        <line num="16" count="1" type="stmt"/>
        <line num="18" count="1" type="stmt"/>
        <line num="19" count="1" type="stmt"/>
        <line num="20" count="1" type="stmt"/>
        <line num="21" count="0" type="stmt"/>
        <line num="22" count="0" type="stmt"/>
        <line num="24" count="1" type="stmt"/>
        <line num="26" count="1" type="cond" truecount="1" falsecount="1"/>
        <line num="27" count="0" type="cond" truecount="0" falsecount="2"/>
        <line num="28" count="0" type="stmt"/>
        <line num="30" count="0" type="stmt"/>
        <line num="32" count="1" type="cond" truecount="1" falsecount="1"/>
        <line num="37" count="1" type="stmt"/>
        <line num="38" count="1" type="cond" truecount="1" falsecount="1"/>
        <line num="39" count="0" type="stmt"/>
        <line num="40" count="0" type="stmt"/>
        <line num="41" count="0" type="stmt"/>
        <line num="47" count="1" type="stmt"/>
        <line num="49" count="1" type="stmt"/>
      </file>
    </package>
  </project>
</coverage>
