{"C:\\Users\\Public.KOMPUTER\\Project\\test4\\template-editor\\src\\shared\\lib\\classNames\\classNames.ts": {"path":"C:\\Users\\Public.KOMPUTER\\Project\\test4\\template-editor\\src\\shared\\lib\\classNames\\classNames.ts","statementMap":{"0":{"start":{"line":8,"column":4},"end":{"line":14,"column":16}},"1":{"start":{"line":12,"column":35},"end":{"line":12,"column":49}},"2":{"start":{"line":13,"column":34},"end":{"line":13,"column":43}}},"fnMap":{"0":{"name":"classNames","decl":{"start":{"line":3,"column":16},"end":{"line":3,"column":26}},"loc":{"start":{"line":7,"column":10},"end":{"line":15,"column":1}},"line":7},"1":{"name":"(anonymous_1)","decl":{"start":{"line":12,"column":20},"end":{"line":12,"column":21}},"loc":{"start":{"line":12,"column":35},"end":{"line":12,"column":49}},"line":12},"2":{"name":"(anonymous_2)","decl":{"start":{"line":13,"column":17},"end":{"line":13,"column":18}},"loc":{"start":{"line":13,"column":34},"end":{"line":13,"column":43}},"line":13}},"branchMap":{"0":{"loc":{"start":{"line":5,"column":4},"end":{"line":5,"column":19}},"type":"default-arg","locations":[{"start":{"line":5,"column":17},"end":{"line":5,"column":19}}],"line":5},"1":{"loc":{"start":{"line":6,"column":4},"end":{"line":6,"column":46}},"type":"default-arg","locations":[{"start":{"line":6,"column":44},"end":{"line":6,"column":46}}],"line":6}},"s":{"0":5,"1":6,"2":4},"f":{"0":5,"1":6,"2":4},"b":{"0":[1],"1":[1]},"_coverageSchema":"1a1c01bbd47fc00a2c39e90264f33305004495a9","hash":"dd4eac92291bb830b335f07c0a1008b3af4a0378"}
,"C:\\Users\\Public.KOMPUTER\\Project\\test4\\template-editor\\src\\widgets\\TemplateEditor\\model\\services\\generateMessage\\generateMessage.ts": {"path":"C:\\Users\\Public.KOMPUTER\\Project\\test4\\template-editor\\src\\widgets\\TemplateEditor\\model\\services\\generateMessage\\generateMessage.ts","statementMap":{"0":{"start":{"line":3,"column":31},"end":{"line":50,"column":1}},"1":{"start":{"line":7,"column":16},"end":{"line":7,"column":18}},"2":{"start":{"line":9,"column":26},"end":{"line":46,"column":3}},"3":{"start":{"line":14,"column":19},"end":{"line":14,"column":24}},"4":{"start":{"line":16,"column":4},"end":{"line":45,"column":7}},"5":{"start":{"line":18,"column":24},"end":{"line":25,"column":7}},"6":{"start":{"line":19,"column":21},"end":{"line":19,"column":35}},"7":{"start":{"line":20,"column":8},"end":{"line":23,"column":11}},"8":{"start":{"line":21,"column":24},"end":{"line":21,"column":51}},"9":{"start":{"line":22,"column":10},"end":{"line":22,"column":48}},"10":{"start":{"line":24,"column":8},"end":{"line":24,"column":22}},"11":{"start":{"line":26,"column":6},"end":{"line":44,"column":7}},"12":{"start":{"line":27,"column":8},"end":{"line":31,"column":9}},"13":{"start":{"line":28,"column":10},"end":{"line":28,"column":26}},"14":{"start":{"line":30,"column":10},"end":{"line":30,"column":27}},"15":{"start":{"line":32,"column":13},"end":{"line":44,"column":7}},"16":{"start":{"line":37,"column":8},"end":{"line":37,"column":31}},"17":{"start":{"line":38,"column":8},"end":{"line":43,"column":9}},"18":{"start":{"line":39,"column":10},"end":{"line":42,"column":13}},"19":{"start":{"line":40,"column":28},"end":{"line":40,"column":64}},"20":{"start":{"line":41,"column":12},"end":{"line":41,"column":56}},"21":{"start":{"line":47,"column":2},"end":{"line":47,"column":35}},"22":{"start":{"line":49,"column":2},"end":{"line":49,"column":17}}},"fnMap":{"0":{"name":"(anonymous_0)","decl":{"start":{"line":3,"column":31},"end":{"line":3,"column":32}},"loc":{"start":{"line":6,"column":5},"end":{"line":50,"column":1}},"line":6},"1":{"name":"(anonymous_1)","decl":{"start":{"line":9,"column":26},"end":{"line":9,"column":27}},"loc":{"start":{"line":13,"column":7},"end":{"line":46,"column":3}},"line":13},"2":{"name":"(anonymous_2)","decl":{"start":{"line":16,"column":42},"end":{"line":16,"column":43}},"loc":{"start":{"line":16,"column":65},"end":{"line":45,"column":5}},"line":16},"3":{"name":"(anonymous_3)","decl":{"start":{"line":18,"column":24},"end":{"line":18,"column":25}},"loc":{"start":{"line":18,"column":30},"end":{"line":25,"column":7}},"line":18},"4":{"name":"(anonymous_4)","decl":{"start":{"line":20,"column":39},"end":{"line":20,"column":40}},"loc":{"start":{"line":20,"column":57},"end":{"line":23,"column":9}},"line":20},"5":{"name":"(anonymous_5)","decl":{"start":{"line":39,"column":32},"end":{"line":39,"column":33}},"loc":{"start":{"line":39,"column":71},"end":{"line":42,"column":11}},"line":39}},"branchMap":{"0":{"loc":{"start":{"line":26,"column":6},"end":{"line":44,"column":7}},"type":"if","locations":[{"start":{"line":26,"column":6},"end":{"line":44,"column":7}},{"start":{"line":32,"column":13},"end":{"line":44,"column":7}}],"line":26},"1":{"loc":{"start":{"line":27,"column":8},"end":{"line":31,"column":9}},"type":"if","locations":[{"start":{"line":27,"column":8},"end":{"line":31,"column":9}},{"start":{"line":29,"column":15},"end":{"line":31,"column":9}}],"line":27},"2":{"loc":{"start":{"line":32,"column":13},"end":{"line":44,"column":7}},"type":"if","locations":[{"start":{"line":32,"column":13},"end":{"line":44,"column":7}},{"start":{},"end":{}}],"line":32},"3":{"loc":{"start":{"line":33,"column":8},"end":{"line":35,"column":25}},"type":"binary-expr","locations":[{"start":{"line":33,"column":9},"end":{"line":33,"column":25}},{"start":{"line":33,"column":29},"end":{"line":33,"column":37}},{"start":{"line":34,"column":9},"end":{"line":34,"column":25}},{"start":{"line":34,"column":29},"end":{"line":34,"column":38}},{"start":{"line":35,"column":8},"end":{"line":35,"column":25}}],"line":33},"4":{"loc":{"start":{"line":38,"column":8},"end":{"line":43,"column":9}},"type":"if","locations":[{"start":{"line":38,"column":8},"end":{"line":43,"column":9}},{"start":{},"end":{}}],"line":38}},"s":{"0":1,"1":1,"2":1,"3":1,"4":1,"5":1,"6":1,"7":1,"8":0,"9":0,"10":1,"11":1,"12":0,"13":0,"14":0,"15":1,"16":1,"17":1,"18":0,"19":0,"20":0,"21":1,"22":1},"f":{"0":1,"1":1,"2":1,"3":1,"4":0,"5":0},"b":{"0":[0,1],"1":[0,0],"2":[1,0],"3":[1,0,1,0,1],"4":[0,1]},"_coverageSchema":"1a1c01bbd47fc00a2c39e90264f33305004495a9","hash":"8c2a3b2f804e5c72fbd390f3b9020507bafa8785"}
}
