TN:
SF:src\shared\lib\classNames\classNames.ts
FN:3,classNames
FN:12,(anonymous_1)
FN:13,(anonymous_2)
FNF:3
FNH:3
FNDA:5,classNames
FNDA:6,(anonymous_1)
FNDA:4,(anonymous_2)
DA:8,5
DA:12,6
DA:13,4
LF:3
LH:3
BRDA:5,0,0,1
BRDA:6,1,0,1
BRF:2
BRH:2
end_of_record
TN:
SF:src\widgets\TemplateEditor\model\services\generateMessage\generateMessage.ts
FN:3,(anonymous_0)
FN:9,(anonymous_1)
FN:16,(anonymous_2)
FN:18,(anonymous_3)
FN:20,(anonymous_4)
FN:39,(anonymous_5)
FNF:6
FNH:4
FNDA:1,(anonymous_0)
FNDA:1,(anonymous_1)
FNDA:1,(anonymous_2)
FNDA:1,(anonymous_3)
FNDA:0,(anonymous_4)
FNDA:0,(anonymous_5)
DA:3,1
DA:7,1
DA:9,1
DA:14,1
DA:16,1
DA:18,1
DA:19,1
DA:20,1
DA:21,0
DA:22,0
DA:24,1
DA:26,1
DA:27,0
DA:28,0
DA:30,0
DA:32,1
DA:37,1
DA:38,1
DA:39,0
DA:40,0
DA:41,0
DA:47,1
DA:49,1
LF:23
LH:15
BRDA:26,0,0,0
BRDA:26,0,1,1
BRDA:27,1,0,0
BRDA:27,1,1,0
BRDA:32,2,0,1
BRDA:32,2,1,0
BRDA:33,3,0,1
BRDA:33,3,1,0
BRDA:33,3,2,1
BRDA:33,3,3,0
BRDA:33,3,4,1
BRDA:38,4,0,0
BRDA:38,4,1,1
BRF:13
BRH:6
end_of_record
